Arguments: 
  /Users/timpaul/.nvm/versions/node/v12.18.4/bin/node /usr/local/Cellar/yarn/1.22.4/libexec/bin/yarn.js init

PATH: 
  /usr/local/opt/python@3.8/bin:/Users/timpaul/.nvm/versions/node/v12.18.4/bin:/usr/local/bin:/usr/bin:/bin:/usr/sbin:/sbin:/Library/Apple/usr/bin:/usr/local/opt/python@3.8/bin:/Users/timpaul/.nvm/versions/node/v12.18.4/bin

Yarn version: 
  1.22.4

Node version: 
  12.18.4

Platform: 
  darwin x64

Trace: 
  Error: canceled
      at Interface.<anonymous> (/usr/local/Cellar/yarn/1.22.4/libexec/lib/cli.js:137008:13)
      at Interface.emit (events.js:315:20)
      at Interface._ttyWrite (readline.js:868:16)
      at ReadStream.onkeypress (readline.js:205:10)
      at ReadStream.emit (events.js:315:20)
      at emitKeys (internal/readline/utils.js:335:14)
      at emitKeys.next (<anonymous>)
      at ReadStream.onData (readline.js:1137:36)
      at ReadStream.emit (events.js:315:20)
      at addChunk (_stream_readable.js:295:12)

npm manifest: 
  {
    "name": "haunted-starter-app",
    "version": "1.0.0",
    "description": "A project for creating apps with Haunted and lit-html.",
    "main": "index.html",
    "scripts": {},
    "dependencies": {
      "haunted": "4.5.1",
      "lit-html": "1.1.1"
    },
    "keywords": ["web-components", "lit-html"]
  }

yarn manifest: 
  No manifest

Lockfile: 
  No lockfile
